<?xml version="1.0" encoding="UTF-8"?>
<!-- Generated by org.testng.reporters.JUnitXMLReporter -->
<testsuite ignored="0" hostname="LAPTOP-GL6IC0TT" failures="1" tests="1" name="Test" time="49.623" errors="0" timestamp="2025-09-07T18:33:29 IST">
  <testcase classname="io.cucumber.testng.AbstractTestNGCucumberTests" name="runScenario" time="49.04">
    <failure type="java.lang.AssertionError" message="Booking summary page is not displayed! expected [true] but found [false]">
      <![CDATA[java.lang.AssertionError: Booking summary page is not displayed! expected [true] but found [false]
at StepDefinitions.BookingStepDefinitions.i_should_see_the_booking_summary_page_with_the_selected_room_details(BookingStepDefinitions.java:53)
at âœ½.I should see the booking summary page with the selected room details(file:///C:/Users/my%20pc/Capstone_Booking/BDD_Booking/src/test/resources/Features/Booking.feature:25)
... Removed 3 stack frames]]>
    </failure>
  </testcase> <!-- runScenario -->
</testsuite> <!-- Test -->
