<?xml version="1.0" encoding="UTF-8"?>
<!-- Generated by org.testng.reporters.JUnitReportReporter -->
<testsuite hostname="LAPTOP-GL6IC0TT" failures="1" tests="1" name="TestRunner.TestRunner" time="49.040" errors="0" timestamp="2025-09-07T18:33:29 IST" skipped="0">
  <testcase classname="TestRunner.TestRunner" name="runScenario" time="49.040">
    <failure message="Booking summary page is not displayed! expected [true] but found [false]" type="java.lang.AssertionError">
      <![CDATA[java.lang.AssertionError: Booking summary page is not displayed! expected [true] but found [false]
at org.testng.Assert.fail(Assert.java:111)
at org.testng.Assert.failNotEquals(Assert.java:1578)
at org.testng.Assert.assertTrue(Assert.java:57)
at StepDefinitions.BookingStepDefinitions.i_should_see_the_booking_summary_page_with_the_selected_room_details(BookingStepDefinitions.java:53)
at âœ½.I should see the booking summary page with the selected room details(file:///C:/Users/my%20pc/Capstone_Booking/BDD_Booking/src/test/resources/Features/Booking.feature:25)
]]>
    </failure>
  </testcase> <!-- runScenario -->
</testsuite> <!-- TestRunner.TestRunner -->
